#
# There is insufficient memory for the Java Runtime Environment to continue.
# Native memory allocation (malloc) failed to allocate 1866096 bytes for Chunk::new
# Possible reasons:
#   The system is out of physical RAM or swap space
#   The process is running with CompressedOops enabled, and the Java Heap may be blocking the growth of the native heap
# Possible solutions:
#   Reduce memory load on the system
#   Increase physical memory or swap space
#   Check if swap backing store is full
#   Decrease Java heap size (-Xmx/-Xms)
#   Decrease number of Java threads
#   Decrease Java thread stack sizes (-Xss)
#   Set larger code cache with -XX:ReservedCodeCacheSize=
#   JVM is running with Unscaled Compressed Oops mode in which the Java heap is
#     placed in the first 4GB address space. The Java Heap base address is the
#     maximum limit for the native heap growth. Please use -XX:HeapBaseMinAddress
#     to set the Java Heap base and to place the Java Heap above 4GB virtual address.
# This output file may be truncated or incomplete.
#
#  Out of Memory Error (./src/hotspot/share/memory/arena.cpp:197), pid=6988, tid=20072
#
# JRE version: OpenJDK Runtime Environment (11.0.8+10) (build 11.0.8+10-b944.6842174)
# Java VM: OpenJDK 64-Bit Server VM (11.0.8+10-b944.6842174, mixed mode, tiered, compressed oops, g1 gc, windows-amd64)
# No core dump will be written. Minidumps are not enabled by default on client versions of Windows
#

---------------  S U M M A R Y ------------

Command Line: --add-opens=java.base/java.util=ALL-UNNAMED --add-opens=java.base/java.lang=ALL-UNNAMED --add-opens=java.base/java.lang.invoke=ALL-UNNAMED --add-opens=java.prefs/java.util.prefs=ALL-UNNAMED -Xmx2048m -Dfile.encoding=UTF-8 -Duser.country=KR -Duser.language=ko -Duser.variant org.gradle.launcher.daemon.bootstrap.GradleDaemon 6.7.1

Host: Intel(R) Core(TM) i7-9750H CPU @ 2.60GHz, 12 cores, 7G,  Windows 10 , 64 bit Build 19041 (10.0.19041.928)
Time: Fri Jun 11 23:08:44 2021 대한민국 표준시 elapsed time: 10 seconds (0d 0h 0m 10s)

---------------  T H R E A D  ---------------

Current thread (0x0000024e63585000):  JavaThread "C2 CompilerThread0" daemon [_thread_in_native, id=20072, stack(0x000000acf2900000,0x000000acf2a00000)]


Current CompileTask:
C2:  10743 5850       4       java.net.URLClassLoader$1::run (5 bytes)

Stack: [0x000000acf2900000,0x000000acf2a00000]
Native frames: (J=compiled Java code, j=interpreted, Vv=VM code, C=native code)
V  [jvm.dll+0x5de50a]
V  [jvm.dll+0x7122f5]
V  [jvm.dll+0x71384d]
V  [jvm.dll+0x713f03]
V  [jvm.dll+0x23e728]
V  [jvm.dll+0xb899c]
V  [jvm.dll+0xb8e9c]
V  [jvm.dll+0x35024d]
V  [jvm.dll+0x193ebc]
V  [jvm.dll+0x1f780e]
V  [jvm.dll+0x1f68d4]
V  [jvm.dll+0x17f32c]
V  [jvm.dll+0x205047]
V  [jvm.dll+0x203891]
V  [jvm.dll+0x6dad3f]
V  [jvm.dll+0x6d3895]
V  [jvm.dll+0x5dd4a6]
C  [ucrtbase.dll+0x21bb2]
C  [KERNEL32.DLL+0x17034]
C  [ntdll.dll+0x52651]


---------------  P R O C E S S  ---------------

Threads class SMR info:
_java_thread_list=0x0000024e68a1e070, length=138, elements={
0x0000024e48658800, 0x0000024e63565000, 0x0000024e63570800, 0x0000024e63583000,
0x0000024e63584000, 0x0000024e63585000, 0x0000024e63589800, 0x0000024e6358a800,
0x0000024e63fe3800, 0x0000024e6401f800, 0x0000024e659d4800, 0x0000024e65c76000,
0x0000024e64b88800, 0x0000024e65dce800, 0x0000024e65c3f800, 0x0000024e65d1c000,
0x0000024e65d34800, 0x0000024e65cbd000, 0x0000024e64f91000, 0x0000024e65626000,
0x0000024e6530d000, 0x0000024e6530b800, 0x0000024e6530c800, 0x0000024e6530a800,
0x0000024e66401000, 0x0000024e66404800, 0x0000024e66110800, 0x0000024e66400000,
0x0000024e66402000, 0x0000024e66402800, 0x0000024e663ff800, 0x0000024e66405000,
0x0000024e66408800, 0x0000024e66406800, 0x0000024e66409000, 0x0000024e66403800,
0x0000024e6640b000, 0x0000024e6640b800, 0x0000024e6640a000, 0x0000024e66406000,
0x0000024e6640e000, 0x0000024e6640c800, 0x0000024e6640d000, 0x0000024e64099000,
0x0000024e64099800, 0x0000024e64094800, 0x0000024e6409a800, 0x0000024e6409b800,
0x0000024e64097000, 0x0000024e64095800, 0x0000024e6409c000, 0x0000024e64096800,
0x0000024e64098000, 0x0000024e640a1000, 0x0000024e640a2000, 0x0000024e6409e800,
0x0000024e640a2800, 0x0000024e6409d000, 0x0000024e640a3800, 0x0000024e640a0000,
0x0000024e6409d800, 0x0000024e6409f800, 0x0000024e696bb000, 0x0000024e696bc000,
0x0000024e696b9800, 0x0000024e696ba000, 0x0000024e696b8800, 0x0000024e696c1800,
0x0000024e696be800, 0x0000024e696bd800, 0x0000024e696bf000, 0x0000024e696bc800,
0x0000024e696c5000, 0x0000024e696c2800, 0x0000024e696c3000, 0x0000024e696c0000,
0x0000024e696c0800, 0x0000024e696c6800, 0x0000024e696c4000, 0x0000024e696c5800,
0x0000024e696c7000, 0x0000024e64d67800, 0x0000024e64d63000, 0x0000024e64d65000,
0x0000024e64d64000, 0x0000024e64d62800, 0x0000024e64d68000, 0x0000024e64d65800,
0x0000024e64d6c000, 0x0000024e64d6b800, 0x0000024e64d66800, 0x0000024e64d6e800,
0x0000024e64d6d000, 0x0000024e64d6e000, 0x0000024e64d69000, 0x0000024e64d6f800,
0x0000024e64d6a000, 0x0000024e64d70800, 0x0000024e64d6a800, 0x0000024e64d71000,
0x0000024e64d95800, 0x0000024e64d98000, 0x0000024e64d96800, 0x0000024e64d97800,
0x0000024e64d94000, 0x0000024e64d92800, 0x0000024e64d95000, 0x0000024e64d99000,
0x0000024e64d93000, 0x0000024e64d9a000, 0x0000024e64d9c000, 0x0000024e64d9e800,
0x0000024e64d9e000, 0x0000024e64d9f800, 0x0000024e64d9b800, 0x0000024e64da0800,
0x0000024e64d9a800, 0x0000024e64da1000, 0x0000024e64d9d000, 0x0000024e68092000,
0x0000024e68093000, 0x0000024e6808d800, 0x0000024e68094000, 0x0000024e6808e000,
0x0000024e68091800, 0x0000024e68094800, 0x0000024e6808f800, 0x0000024e6808f000,
0x0000024e68095800, 0x0000024e68096000, 0x0000024e68090800, 0x0000024e68097000,
0x0000024e68099800, 0x0000024e68098000, 0x0000024e6809a800, 0x0000024e68098800,
0x0000024e6809b000, 0x0000024e6809c000
}

Java Threads: ( => current thread )
  0x0000024e48658800 JavaThread "main" [_thread_blocked, id=15124, stack(0x000000acf1e00000,0x000000acf1f00000)]
  0x0000024e63565000 JavaThread "Reference Handler" daemon [_thread_blocked, id=1236, stack(0x000000acf2500000,0x000000acf2600000)]
  0x0000024e63570800 JavaThread "Finalizer" daemon [_thread_blocked, id=8152, stack(0x000000acf2600000,0x000000acf2700000)]
  0x0000024e63583000 JavaThread "Signal Dispatcher" daemon [_thread_blocked, id=20380, stack(0x000000acf2700000,0x000000acf2800000)]
  0x0000024e63584000 JavaThread "Attach Listener" daemon [_thread_blocked, id=19968, stack(0x000000acf2800000,0x000000acf2900000)]
=>0x0000024e63585000 JavaThread "C2 CompilerThread0" daemon [_thread_in_native, id=20072, stack(0x000000acf2900000,0x000000acf2a00000)]
  0x0000024e63589800 JavaThread "C1 CompilerThread0" daemon [_thread_blocked, id=17812, stack(0x000000acf2a00000,0x000000acf2b00000)]
  0x0000024e6358a800 JavaThread "Sweeper thread" daemon [_thread_blocked, id=7512, stack(0x000000acf2b00000,0x000000acf2c00000)]
  0x0000024e63fe3800 JavaThread "Common-Cleaner" daemon [_thread_blocked, id=8296, stack(0x000000acf2c00000,0x000000acf2d00000)]
  0x0000024e6401f800 JavaThread "Service Thread" daemon [_thread_blocked, id=8344, stack(0x000000acf2d00000,0x000000acf2e00000)]
  0x0000024e659d4800 JavaThread "Daemon health stats" [_thread_blocked, id=18064, stack(0x000000acf3200000,0x000000acf3300000)]
  0x0000024e65c76000 JavaThread "Incoming local TCP Connector on port 54327" [_thread_in_native, id=13796, stack(0x000000acf3400000,0x000000acf3500000)]
  0x0000024e64b88800 JavaThread "Daemon periodic checks" [_thread_blocked, id=8420, stack(0x000000acf3500000,0x000000acf3600000)]
  0x0000024e65dce800 JavaThread "Daemon" [_thread_blocked, id=10280, stack(0x000000acf3600000,0x000000acf3700000)]
  0x0000024e65c3f800 JavaThread "Handler for socket connection from /127.0.0.1:54327 to /127.0.0.1:54328" [_thread_in_native, id=10456, stack(0x000000acf3700000,0x000000acf3800000)]
  0x0000024e65d1c000 JavaThread "Cancel handler" [_thread_blocked, id=7544, stack(0x000000acf3800000,0x000000acf3900000)]
  0x0000024e65d34800 JavaThread "Daemon worker" [_thread_in_vm, id=17572, stack(0x000000acf3900000,0x000000acf3a00000)]
  0x0000024e65cbd000 JavaThread "Asynchronous log dispatcher for DefaultDaemonConnection: socket connection from /127.0.0.1:54327 to /127.0.0.1:54328" [_thread_blocked, id=15844, stack(0x000000acf3a00000,0x000000acf3b00000)]
  0x0000024e64f91000 JavaThread "Stdin handler" [_thread_blocked, id=20048, stack(0x000000acf3b00000,0x000000acf3c00000)]
  0x0000024e65626000 JavaThread "Thread-8" [_thread_blocked, id=10848, stack(0x000000acf3c00000,0x000000acf3d00000)]
  0x0000024e6530d000 JavaThread "Cache worker for file hash cache (C:\Users\iou10\.gradle\caches\6.7.1\fileHashes)" [_thread_blocked, id=8472, stack(0x000000acf4400000,0x000000acf4500000)]
  0x0000024e6530b800 JavaThread "File lock request listener" [_thread_in_native, id=1692, stack(0x000000acf4500000,0x000000acf4600000)]
  0x0000024e6530c800 JavaThread "Cache worker for journal cache (C:\Users\iou10\.gradle\caches\journal-1)" [_thread_blocked, id=18324, stack(0x000000acf4800000,0x000000acf4900000)]
  0x0000024e6530a800 JavaThread "Cache worker for file hash cache (D:\2021mobilecontent\.gradle\6.7.1\fileHashes)" [_thread_blocked, id=16364, stack(0x000000acf4900000,0x000000acf4a00000)]
  0x0000024e66401000 JavaThread "Cache worker for checksums cache (D:\2021mobilecontent\.gradle\checksums)" [_thread_blocked, id=20020, stack(0x000000acf4a00000,0x000000acf4b00000)]
  0x0000024e66404800 JavaThread "Cache worker for cache directory md-supplier (C:\Users\iou10\.gradle\caches\6.7.1\md-supplier)" [_thread_blocked, id=17964, stack(0x000000acf4b00000,0x000000acf4c00000)]
  0x0000024e66110800 JavaThread "C2 CompilerThread1" daemon [_thread_in_native, id=14420, stack(0x000000acf4c00000,0x000000acf4d00000)]
  0x0000024e66400000 JavaThread "Cache worker for cache directory md-rule (C:\Users\iou10\.gradle\caches\6.7.1\md-rule)" [_thread_blocked, id=12400, stack(0x000000acf4d00000,0x000000acf4e00000)]
  0x0000024e66402000 JavaThread "Cache worker for execution history cache (C:\Users\iou10\.gradle\caches\6.7.1\executionHistory)" [_thread_blocked, id=15664, stack(0x000000acf4e00000,0x000000acf4f00000)]
  0x0000024e66402800 JavaThread "jar transforms" [_thread_blocked, id=8088, stack(0x000000acf4f00000,0x000000acf5000000)]
  0x0000024e663ff800 JavaThread "Cache worker for file content cache (C:\Users\iou10\.gradle\caches\6.7.1\fileContent)" [_thread_blocked, id=1668, stack(0x000000acf5000000,0x000000acf5100000)]
  0x0000024e66405000 JavaThread "Cache worker for Build Output Cleanup Cache (D:\2021mobilecontent\.gradle\buildOutputCleanup)" [_thread_blocked, id=16208, stack(0x000000acf5100000,0x000000acf5200000)]
  0x0000024e66408800 JavaThread "Build operations" [_thread_blocked, id=1424, stack(0x000000acf5200000,0x000000acf5300000)]
  0x0000024e66406800 JavaThread "Build operations Thread 2" [_thread_blocked, id=17032, stack(0x000000acf5300000,0x000000acf5400000)]
  0x0000024e66409000 JavaThread "Build operations Thread 3" [_thread_blocked, id=19544, stack(0x000000acf5400000,0x000000acf5500000)]
  0x0000024e66403800 JavaThread "Build operations Thread 4" [_thread_blocked, id=20600, stack(0x000000acf5500000,0x000000acf5600000)]
  0x0000024e6640b000 JavaThread "Build operations Thread 5" [_thread_blocked, id=4924, stack(0x000000acf5600000,0x000000acf5700000)]
  0x0000024e6640b800 JavaThread "Build operations Thread 6" [_thread_blocked, id=4260, stack(0x000000acf5700000,0x000000acf5800000)]
  0x0000024e6640a000 JavaThread "Build operations Thread 7" [_thread_blocked, id=18008, stack(0x000000acf5800000,0x000000acf5900000)]
  0x0000024e66406000 JavaThread "Build operations Thread 8" [_thread_blocked, id=8644, stack(0x000000acf5900000,0x000000acf5a00000)]
  0x0000024e6640e000 JavaThread "Build operations Thread 9" [_thread_blocked, id=9128, stack(0x000000acf5a00000,0x000000acf5b00000)]
  0x0000024e6640c800 JavaThread "Build operations Thread 10" [_thread_blocked, id=16644, stack(0x000000acf5b00000,0x000000acf5c00000)]
  0x0000024e6640d000 JavaThread "Build operations Thread 11" [_thread_blocked, id=6736, stack(0x000000acf5c00000,0x000000acf5d00000)]
  0x0000024e64099000 JavaThread "Build operations Thread 12" [_thread_blocked, id=6072, stack(0x000000acf5d00000,0x000000acf5e00000)]
  0x0000024e64099800 JavaThread "jar transforms Thread 2" [_thread_blocked, id=9776, stack(0x000000acf5e00000,0x000000acf5f00000)]
  0x0000024e64094800 JavaThread "jar transforms Thread 3" [_thread_blocked, id=11156, stack(0x000000acf5f00000,0x000000acf6000000)]
  0x0000024e6409a800 JavaThread "jar transforms Thread 4" [_thread_blocked, id=13940, stack(0x000000acf6000000,0x000000acf6100000)]
  0x0000024e6409b800 JavaThread "jar transforms Thread 5" [_thread_blocked, id=17880, stack(0x000000acf6100000,0x000000acf6200000)]
  0x0000024e64097000 JavaThread "jar transforms Thread 6" [_thread_blocked, id=2140, stack(0x000000acf6200000,0x000000acf6300000)]
  0x0000024e64095800 JavaThread "jar transforms Thread 7" [_thread_blocked, id=15444, stack(0x000000acf6300000,0x000000acf6400000)]
  0x0000024e6409c000 JavaThread "jar transforms Thread 8" [_thread_blocked, id=17192, stack(0x000000acf6400000,0x000000acf6500000)]
  0x0000024e64096800 JavaThread "jar transforms Thread 9" [_thread_blocked, id=9784, stack(0x000000acf6500000,0x000000acf6600000)]
  0x0000024e64098000 JavaThread "jar transforms Thread 10" [_thread_blocked, id=9716, stack(0x000000acf6600000,0x000000acf6700000)]
  0x0000024e640a1000 JavaThread "jar transforms Thread 11" [_thread_blocked, id=20340, stack(0x000000acf6700000,0x000000acf6800000)]
  0x0000024e640a2000 JavaThread "jar transforms Thread 12" [_thread_blocked, id=20816, stack(0x000000acf6800000,0x000000acf6900000)]
  0x0000024e6409e800 JavaThread "jar transforms Thread 13" [_thread_blocked, id=9332, stack(0x000000acf6900000,0x000000acf6a00000)]
  0x0000024e640a2800 JavaThread "jar transforms Thread 14" [_thread_blocked, id=9504, stack(0x000000acf6a00000,0x000000acf6b00000)]
  0x0000024e6409d000 JavaThread "jar transforms Thread 15" [_thread_blocked, id=16912, stack(0x000000acf6b00000,0x000000acf6c00000)]
  0x0000024e640a3800 JavaThread "jar transforms Thread 16" [_thread_blocked, id=20512, stack(0x000000acf6c00000,0x000000acf6d00000)]
  0x0000024e640a0000 JavaThread "jar transforms Thread 17" [_thread_blocked, id=21348, stack(0x000000acf6d00000,0x000000acf6e00000)]
  0x0000024e6409d800 JavaThread "jar transforms Thread 18" [_thread_blocked, id=4760, stack(0x000000acf6e00000,0x000000acf6f00000)]
  0x0000024e6409f800 JavaThread "jar transforms Thread 19" [_thread_blocked, id=17704, stack(0x000000acf6f00000,0x000000acf7000000)]
  0x0000024e696bb000 JavaThread "jar transforms Thread 20" [_thread_blocked, id=17800, stack(0x000000acf7000000,0x000000acf7100000)]
  0x0000024e696bc000 JavaThread "jar transforms Thread 21" [_thread_blocked, id=4628, stack(0x000000acf7100000,0x000000acf7200000)]
  0x0000024e696b9800 JavaThread "jar transforms Thread 22" [_thread_blocked, id=14824, stack(0x000000acf7200000,0x000000acf7300000)]
  0x0000024e696ba000 JavaThread "jar transforms Thread 23" [_thread_blocked, id=7492, stack(0x000000acf7300000,0x000000acf7400000)]
  0x0000024e696b8800 JavaThread "jar transforms Thread 24" [_thread_blocked, id=2952, stack(0x000000acf7400000,0x000000acf7500000)]
  0x0000024e696c1800 JavaThread "jar transforms Thread 25" [_thread_blocked, id=15208, stack(0x000000acf7500000,0x000000acf7600000)]
  0x0000024e696be800 JavaThread "jar transforms Thread 26" [_thread_blocked, id=17160, stack(0x000000acf7600000,0x000000acf7700000)]
  0x0000024e696bd800 JavaThread "jar transforms Thread 27" [_thread_blocked, id=14960, stack(0x000000acf7700000,0x000000acf7800000)]
  0x0000024e696bf000 JavaThread "jar transforms Thread 28" [_thread_blocked, id=10080, stack(0x000000acf7800000,0x000000acf7900000)]
  0x0000024e696bc800 JavaThread "jar transforms Thread 29" [_thread_blocked, id=9068, stack(0x000000acf7900000,0x000000acf7a00000)]
  0x0000024e696c5000 JavaThread "jar transforms Thread 30" [_thread_blocked, id=16884, stack(0x000000acf7a00000,0x000000acf7b00000)]
  0x0000024e696c2800 JavaThread "jar transforms Thread 31" [_thread_blocked, id=11272, stack(0x000000acf7b00000,0x000000acf7c00000)]
  0x0000024e696c3000 JavaThread "jar transforms Thread 32" [_thread_blocked, id=17552, stack(0x000000acf7c00000,0x000000acf7d00000)]
  0x0000024e696c0000 JavaThread "jar transforms Thread 33" [_thread_blocked, id=11204, stack(0x000000acf7d00000,0x000000acf7e00000)]
  0x0000024e696c0800 JavaThread "jar transforms Thread 34" [_thread_blocked, id=16036, stack(0x000000acf7e00000,0x000000acf7f00000)]
  0x0000024e696c6800 JavaThread "jar transforms Thread 35" [_thread_blocked, id=3336, stack(0x000000acf7f00000,0x000000acf8000000)]
  0x0000024e696c4000 JavaThread "jar transforms Thread 36" [_thread_blocked, id=4248, stack(0x000000acf8000000,0x000000acf8100000)]
  0x0000024e696c5800 JavaThread "jar transforms Thread 37" [_thread_blocked, id=8072, stack(0x000000acf8100000,0x000000acf8200000)]
  0x0000024e696c7000 JavaThread "jar transforms Thread 38" [_thread_blocked, id=5532, stack(0x000000acf8200000,0x000000acf8300000)]
  0x0000024e64d67800 JavaThread "jar transforms Thread 39" [_thread_blocked, id=16808, stack(0x000000acf8300000,0x000000acf8400000)]
  0x0000024e64d63000 JavaThread "jar transforms Thread 40" [_thread_blocked, id=11880, stack(0x000000acf8400000,0x000000acf8500000)]
  0x0000024e64d65000 JavaThread "jar transforms Thread 41" [_thread_blocked, id=13280, stack(0x000000acf8500000,0x000000acf8600000)]
  0x0000024e64d64000 JavaThread "jar transforms Thread 42" [_thread_blocked, id=7548, stack(0x000000acf8600000,0x000000acf8700000)]
  0x0000024e64d62800 JavaThread "jar transforms Thread 43" [_thread_blocked, id=13068, stack(0x000000acf8700000,0x000000acf8800000)]
  0x0000024e64d68000 JavaThread "jar transforms Thread 44" [_thread_blocked, id=12856, stack(0x000000acf8800000,0x000000acf8900000)]
  0x0000024e64d65800 JavaThread "jar transforms Thread 45" [_thread_blocked, id=1936, stack(0x000000acf8900000,0x000000acf8a00000)]
  0x0000024e64d6c000 JavaThread "jar transforms Thread 46" [_thread_blocked, id=8204, stack(0x000000acf8a00000,0x000000acf8b00000)]
  0x0000024e64d6b800 JavaThread "jar transforms Thread 47" [_thread_blocked, id=13604, stack(0x000000acf8b00000,0x000000acf8c00000)]
  0x0000024e64d66800 JavaThread "jar transforms Thread 48" [_thread_blocked, id=10808, stack(0x000000acf8c00000,0x000000acf8d00000)]
  0x0000024e64d6e800 JavaThread "jar transforms Thread 49" [_thread_blocked, id=20552, stack(0x000000acf8d00000,0x000000acf8e00000)]
  0x0000024e64d6d000 JavaThread "jar transforms Thread 50" [_thread_blocked, id=3896, stack(0x000000acf8e00000,0x000000acf8f00000)]
  0x0000024e64d6e000 JavaThread "jar transforms Thread 51" [_thread_blocked, id=3244, stack(0x000000acf8f00000,0x000000acf9000000)]
  0x0000024e64d69000 JavaThread "jar transforms Thread 52" [_thread_blocked, id=7428, stack(0x000000acf9000000,0x000000acf9100000)]
  0x0000024e64d6f800 JavaThread "jar transforms Thread 53" [_thread_blocked, id=18024, stack(0x000000acf9100000,0x000000acf9200000)]
  0x0000024e64d6a000 JavaThread "jar transforms Thread 54" [_thread_blocked, id=3172, stack(0x000000acf9200000,0x000000acf9300000)]
  0x0000024e64d70800 JavaThread "jar transforms Thread 55" [_thread_blocked, id=11628, stack(0x000000acf9300000,0x000000acf9400000)]
  0x0000024e64d6a800 JavaThread "jar transforms Thread 56" [_thread_blocked, id=19068, stack(0x000000acf9400000,0x000000acf9500000)]
  0x0000024e64d71000 JavaThread "jar transforms Thread 57" [_thread_blocked, id=18336, stack(0x000000acf9500000,0x000000acf9600000)]
  0x0000024e64d95800 JavaThread "jar transforms Thread 58" [_thread_blocked, id=21424, stack(0x000000acf9600000,0x000000acf9700000)]
  0x0000024e64d98000 JavaThread "jar transforms Thread 59" [_thread_blocked, id=18848, stack(0x000000acf9700000,0x000000acf9800000)]
  0x0000024e64d96800 JavaThread "jar transforms Thread 60" [_thread_blocked, id=12784, stack(0x000000acf9800000,0x000000acf9900000)]
  0x0000024e64d97800 JavaThread "jar transforms Thread 61" [_thread_blocked, id=17688, stack(0x000000acf9900000,0x000000acf9a00000)]
  0x0000024e64d94000 JavaThread "jar transforms Thread 62" [_thread_blocked, id=7108, stack(0x000000acf9a00000,0x000000acf9b00000)]
  0x0000024e64d92800 JavaThread "jar transforms Thread 63" [_thread_blocked, id=19960, stack(0x000000acf9b00000,0x000000acf9c00000)]
  0x0000024e64d95000 JavaThread "jar transforms Thread 64" [_thread_blocked, id=19420, stack(0x000000acf9c00000,0x000000acf9d00000)]
  0x0000024e64d99000 JavaThread "jar transforms Thread 65" [_thread_blocked, id=15508, stack(0x000000acf9d00000,0x000000acf9e00000)]
  0x0000024e64d93000 JavaThread "jar transforms Thread 66" [_thread_blocked, id=19996, stack(0x000000acf9e00000,0x000000acf9f00000)]
  0x0000024e64d9a000 JavaThread "jar transforms Thread 67" [_thread_blocked, id=5188, stack(0x000000acf9f00000,0x000000acfa000000)]
  0x0000024e64d9c000 JavaThread "jar transforms Thread 68" [_thread_blocked, id=18216, stack(0x000000acfa000000,0x000000acfa100000)]
  0x0000024e64d9e800 JavaThread "jar transforms Thread 69" [_thread_blocked, id=13812, stack(0x000000acfa100000,0x000000acfa200000)]
  0x0000024e64d9e000 JavaThread "jar transforms Thread 70" [_thread_blocked, id=8720, stack(0x000000acfa200000,0x000000acfa300000)]
  0x0000024e64d9f800 JavaThread "jar transforms Thread 71" [_thread_blocked, id=19000, stack(0x000000acfa300000,0x000000acfa400000)]
  0x0000024e64d9b800 JavaThread "jar transforms Thread 72" [_thread_blocked, id=14812, stack(0x000000acfa400000,0x000000acfa500000)]
  0x0000024e64da0800 JavaThread "jar transforms Thread 73" [_thread_blocked, id=8188, stack(0x000000acfa500000,0x000000acfa600000)]
  0x0000024e64d9a800 JavaThread "jar transforms Thread 74" [_thread_blocked, id=7300, stack(0x000000acfa600000,0x000000acfa700000)]
  0x0000024e64da1000 JavaThread "jar transforms Thread 75" [_thread_blocked, id=20624, stack(0x000000acfa700000,0x000000acfa800000)]
  0x0000024e64d9d000 JavaThread "jar transforms Thread 76" [_thread_blocked, id=12672, stack(0x000000acfa800000,0x000000acfa900000)]
  0x0000024e68092000 JavaThread "jar transforms Thread 77" [_thread_blocked, id=20636, stack(0x000000acfa900000,0x000000acfaa00000)]
  0x0000024e68093000 JavaThread "jar transforms Thread 78" [_thread_blocked, id=17596, stack(0x000000acfaa00000,0x000000acfab00000)]
  0x0000024e6808d800 JavaThread "jar transforms Thread 79" [_thread_blocked, id=21476, stack(0x000000acfab00000,0x000000acfac00000)]
  0x0000024e68094000 JavaThread "jar transforms Thread 80" [_thread_blocked, id=12452, stack(0x000000acfac00000,0x000000acfad00000)]
  0x0000024e6808e000 JavaThread "jar transforms Thread 81" [_thread_blocked, id=8872, stack(0x000000acfad00000,0x000000acfae00000)]
  0x0000024e68091800 JavaThread "jar transforms Thread 82" [_thread_blocked, id=11004, stack(0x000000acfae00000,0x000000acfaf00000)]
  0x0000024e68094800 JavaThread "jar transforms Thread 83" [_thread_blocked, id=20064, stack(0x000000acfaf00000,0x000000acfb000000)]
  0x0000024e6808f800 JavaThread "jar transforms Thread 84" [_thread_blocked, id=20944, stack(0x000000acfb000000,0x000000acfb100000)]
  0x0000024e6808f000 JavaThread "jar transforms Thread 85" [_thread_blocked, id=19772, stack(0x000000acfb100000,0x000000acfb200000)]
  0x0000024e68095800 JavaThread "jar transforms Thread 86" [_thread_blocked, id=10884, stack(0x000000acfb200000,0x000000acfb300000)]
  0x0000024e68096000 JavaThread "jar transforms Thread 87" [_thread_blocked, id=8768, stack(0x000000acfb300000,0x000000acfb400000)]
  0x0000024e68090800 JavaThread "jar transforms Thread 88" [_thread_blocked, id=14028, stack(0x000000acfb400000,0x000000acfb500000)]
  0x0000024e68097000 JavaThread "jar transforms Thread 89" [_thread_blocked, id=10332, stack(0x000000acfb500000,0x000000acfb600000)]
  0x0000024e68099800 JavaThread "jar transforms Thread 90" [_thread_blocked, id=6260, stack(0x000000acfb600000,0x000000acfb700000)]
  0x0000024e68098000 JavaThread "jar transforms Thread 91" [_thread_blocked, id=12440, stack(0x000000acfb700000,0x000000acfb800000)]
  0x0000024e6809a800 JavaThread "jar transforms Thread 92" [_thread_blocked, id=320, stack(0x000000acfb800000,0x000000acfb900000)]
  0x0000024e68098800 JavaThread "jar transforms Thread 93" [_thread_blocked, id=11840, stack(0x000000acfb900000,0x000000acfba00000)]
  0x0000024e6809b000 JavaThread "jar transforms Thread 94" [_thread_blocked, id=9384, stack(0x000000acfba00000,0x000000acfbb00000)]
  0x0000024e6809c000 JavaThread "Memory manager" [_thread_blocked, id=8944, stack(0x000000acfbb00000,0x000000acfbc00000)]

Other Threads:
  0x0000024e63563000 VMThread "VM Thread" [stack: 0x000000acf2400000,0x000000acf2500000] [id=13340]
  0x0000024e64020800 WatcherThread [stack: 0x000000acf2e00000,0x000000acf2f00000] [id=10380]
  0x0000024e4866f800 GCTaskThread "GC Thread#0" [stack: 0x000000acf1f00000,0x000000acf2000000] [id=17168]
  0x0000024e64b99000 GCTaskThread "GC Thread#1" [stack: 0x000000acf3000000,0x000000acf3100000] [id=8960]
  0x0000024e64ae9000 GCTaskThread "GC Thread#2" [stack: 0x000000acf3100000,0x000000acf3200000] [id=16212]
  0x0000024e65d79800 GCTaskThread "GC Thread#3" [stack: 0x000000acf3d00000,0x000000acf3e00000] [id=8488]
  0x0000024e65024000 GCTaskThread "GC Thread#4" [stack: 0x000000acf3e00000,0x000000acf3f00000] [id=9404]
  0x0000024e66137800 GCTaskThread "GC Thread#5" [stack: 0x000000acf3f00000,0x000000acf4000000] [id=7784]
  0x0000024e64225800 GCTaskThread "GC Thread#6" [stack: 0x000000acf4000000,0x000000acf4100000] [id=18564]
  0x0000024e65c2f000 GCTaskThread "GC Thread#7" [stack: 0x000000acf4100000,0x000000acf4200000] [id=17452]
  0x0000024e65cae800 GCTaskThread "GC Thread#8" [stack: 0x000000acf4200000,0x000000acf4300000] [id=12228]
  0x0000024e64fec000 GCTaskThread "GC Thread#9" [stack: 0x000000acf4300000,0x000000acf4400000] [id=15780]
  0x0000024e486a3000 ConcurrentGCThread "G1 Main Marker" [stack: 0x000000acf2000000,0x000000acf2100000] [id=17620]
  0x0000024e486a6000 ConcurrentGCThread "G1 Conc#0" [stack: 0x000000acf2100000,0x000000acf2200000] [id=16616]
  0x0000024e660e0000 ConcurrentGCThread "G1 Conc#1" [stack: 0x000000acf4600000,0x000000acf4700000] [id=14796]
  0x0000024e660e4000 ConcurrentGCThread "G1 Conc#2" [stack: 0x000000acf4700000,0x000000acf4800000] [id=11872]
  0x0000024e633b0800 ConcurrentGCThread "G1 Refine#0" [stack: 0x000000acf2200000,0x000000acf2300000] [id=13692]
  0x0000024e633b1800 ConcurrentGCThread "G1 Young RemSet Sampling" [stack: 0x000000acf2300000,0x000000acf2400000] [id=15252]

Threads with active compile tasks:
C2 CompilerThread0  10800 5850       4       java.net.URLClassLoader$1::run (5 bytes)
C2 CompilerThread1  10800 5852 %     4       groovy.lang.MetaClassImpl::inheritInterfaceNewMetaMethods @ 104 (199 bytes)

VM state:not at safepoint (normal execution)

VM Mutex/Monitor currently owned by a thread: None

Heap address: 0x0000000080000000, size: 2048 MB, Compressed Oops mode: 32-bit
Narrow klass base: 0x0000000000000000, Narrow klass shift: 3
Compressed class space size: 1073741824 Address: 0x0000000100000000

Heap:
 garbage-first heap   total 155648K, used 93174K [0x0000000080000000, 0x0000000100000000)
  region size 1024K, 53 young (54272K), 9 survivors (9216K)
 Metaspace       used 66118K, capacity 67773K, committed 67964K, reserved 1107968K
  class space    used 8607K, capacity 9177K, committed 9216K, reserved 1048576K
Heap Regions: E=young(eden), S=young(survivor), O=old, HS=humongous(starts), HC=humongous(continues), CS=collection set, F=free, A=archive, TAMS=top-at-mark-start (previous, next)
|   0|0x0000000080000000, 0x0000000080100000, 0x0000000080100000|100%| O|  |TAMS 0x0000000080100000, 0x0000000080000000| Untracked 
|   1|0x0000000080100000, 0x0000000080200000, 0x0000000080200000|100%| O|  |TAMS 0x0000000080200000, 0x0000000080100000| Untracked 
|   2|0x0000000080200000, 0x0000000080300000, 0x0000000080300000|100%| O|  |TAMS 0x0000000080300000, 0x0000000080200000| Untracked 
|   3|0x0000000080300000, 0x0000000080400000, 0x0000000080400000|100%|HS|  |TAMS 0x0000000080400000, 0x0000000080300000| Complete 
|   4|0x0000000080400000, 0x0000000080500000, 0x0000000080500000|100%|HC|  |TAMS 0x0000000080500000, 0x0000000080400000| Complete 
|   5|0x0000000080500000, 0x0000000080600000, 0x0000000080600000|100%|HC|  |TAMS 0x0000000080600000, 0x0000000080500000| Complete 
|   6|0x0000000080600000, 0x0000000080700000, 0x0000000080700000|100%| O|  |TAMS 0x0000000080700000, 0x0000000080600000| Untracked 
|   7|0x0000000080700000, 0x0000000080800000, 0x0000000080800000|100%| O|  |TAMS 0x0000000080800000, 0x0000000080700000| Untracked 
|   8|0x0000000080800000, 0x0000000080900000, 0x0000000080900000|100%| O|  |TAMS 0x0000000080900000, 0x0000000080800000| Untracked 
|   9|0x0000000080900000, 0x0000000080a00000, 0x0000000080a00000|100%| O|  |TAMS 0x0000000080a00000, 0x0000000080900000| Untracked 
|  10|0x0000000080a00000, 0x0000000080b00000, 0x0000000080b00000|100%| O|  |TAMS 0x0000000080b00000, 0x0000000080a00000| Untracked 
|  11|0x0000000080b00000, 0x0000000080c00000, 0x0000000080c00000|100%| O|  |TAMS 0x0000000080c00000, 0x0000000080b00000| Untracked 
|  12|0x0000000080c00000, 0x0000000080d00000, 0x0000000080d00000|100%| O|  |TAMS 0x0000000080d00000, 0x0000000080c00000| Untracked 
|  13|0x0000000080d00000, 0x0000000080e00000, 0x0000000080e00000|100%| O|  |TAMS 0x0000000080e00000, 0x0000000080d00000| Untracked 
|  14|0x0000000080e00000, 0x0000000080f00000, 0x0000000080f00000|100%| O|  |TAMS 0x0000000080f00000, 0x0000000080e00000| Untracked 
|  15|0x0000000080f00000, 0x0000000081000000, 0x0000000081000000|100%| O|  |TAMS 0x0000000081000000, 0x0000000080f00000| Untracked 
|  16|0x0000000081000000, 0x0000000081100000, 0x0000000081100000|100%| O|  |TAMS 0x0000000081100000, 0x0000000081000000| Untracked 
|  17|0x0000000081100000, 0x0000000081200000, 0x0000000081200000|100%| O|  |TAMS 0x0000000081200000, 0x0000000081100000| Untracked 
|  18|0x0000000081200000, 0x0000000081300000, 0x0000000081300000|100%| O|  |TAMS 0x0000000081300000, 0x0000000081200000| Untracked 
|  19|0x0000000081300000, 0x0000000081400000, 0x0000000081400000|100%|HS|  |TAMS 0x0000000081400000, 0x0000000081300000| Complete 
|  20|0x0000000081400000, 0x0000000081500000, 0x0000000081500000|100%| O|  |TAMS 0x0000000081500000, 0x0000000081400000| Untracked 
|  21|0x0000000081500000, 0x0000000081600000, 0x0000000081600000|100%| O|  |TAMS 0x0000000081600000, 0x0000000081500000| Untracked 
|  22|0x0000000081600000, 0x0000000081700000, 0x0000000081700000|100%| O|  |TAMS 0x0000000081700000, 0x0000000081600000| Untracked 
|  23|0x0000000081700000, 0x0000000081800000, 0x0000000081800000|100%|HS|  |TAMS 0x0000000081800000, 0x0000000081700000| Complete 
|  24|0x0000000081800000, 0x0000000081900000, 0x0000000081900000|100%|HC|  |TAMS 0x0000000081900000, 0x0000000081800000| Complete 
|  25|0x0000000081900000, 0x0000000081a00000, 0x0000000081a00000|100%| O|  |TAMS 0x0000000081a00000, 0x0000000081900000| Untracked 
|  26|0x0000000081a00000, 0x0000000081b00000, 0x0000000081b00000|100%| O|  |TAMS 0x0000000081b00000, 0x0000000081a00000| Untracked 
|  27|0x0000000081b00000, 0x0000000081c00000, 0x0000000081c00000|100%| O|  |TAMS 0x0000000081c00000, 0x0000000081b00000| Untracked 
|  28|0x0000000081c00000, 0x0000000081d00000, 0x0000000081d00000|100%| O|  |TAMS 0x0000000081d00000, 0x0000000081c00000| Untracked 
|  29|0x0000000081d00000, 0x0000000081e00000, 0x0000000081e00000|100%| O|  |TAMS 0x0000000081e00000, 0x0000000081d00000| Untracked 
|  30|0x0000000081e00000, 0x0000000081e00000, 0x0000000081f00000|  0%| F|  |TAMS 0x0000000081e00000, 0x0000000081e00000| Untracked 
|  31|0x0000000081f00000, 0x0000000082000000, 0x0000000082000000|100%| O|  |TAMS 0x0000000082000000, 0x0000000081f00000| Untracked 
|  32|0x0000000082000000, 0x0000000082100000, 0x0000000082100000|100%| O|  |TAMS 0x0000000082100000, 0x0000000082000000| Untracked 
|  33|0x0000000082100000, 0x0000000082200000, 0x0000000082200000|100%| O|  |TAMS 0x0000000082200000, 0x0000000082100000| Untracked 
|  34|0x0000000082200000, 0x0000000082300000, 0x0000000082300000|100%| O|  |TAMS 0x0000000082300000, 0x0000000082200000| Untracked 
|  35|0x0000000082300000, 0x0000000082400000, 0x0000000082400000|100%| O|  |TAMS 0x0000000082400000, 0x0000000082300000| Untracked 
|  36|0x0000000082400000, 0x0000000082500000, 0x0000000082500000|100%| O|  |TAMS 0x0000000082500000, 0x0000000082400000| Untracked 
|  37|0x0000000082500000, 0x0000000082600000, 0x0000000082600000|100%| O|  |TAMS 0x0000000082600000, 0x0000000082500000| Untracked 
|  38|0x0000000082600000, 0x0000000082700000, 0x0000000082700000|100%| O|  |TAMS 0x0000000082700000, 0x0000000082600000| Untracked 
|  39|0x0000000082700000, 0x00000000827fd800, 0x0000000082800000| 99%| O|  |TAMS 0x00000000827fd800, 0x0000000082700000| Untracked 
|  40|0x0000000082800000, 0x0000000082800000, 0x0000000082900000|  0%| F|  |TAMS 0x0000000082800000, 0x0000000082800000| Untracked 
|  41|0x0000000082900000, 0x0000000082900000, 0x0000000082a00000|  0%| F|  |TAMS 0x0000000082900000, 0x0000000082900000| Untracked 
|  42|0x0000000082a00000, 0x0000000082a00000, 0x0000000082b00000|  0%| F|  |TAMS 0x0000000082a00000, 0x0000000082a00000| Untracked 
|  43|0x0000000082b00000, 0x0000000082b00000, 0x0000000082c00000|  0%| F|  |TAMS 0x0000000082b00000, 0x0000000082b00000| Untracked 
|  44|0x0000000082c00000, 0x0000000082c00000, 0x0000000082d00000|  0%| F|  |TAMS 0x0000000082c00000, 0x0000000082c00000| Untracked 
|  45|0x0000000082d00000, 0x0000000082d00000, 0x0000000082e00000|  0%| F|  |TAMS 0x0000000082d00000, 0x0000000082d00000| Untracked 
|  46|0x0000000082e00000, 0x0000000082e00000, 0x0000000082f00000|  0%| F|  |TAMS 0x0000000082e00000, 0x0000000082e00000| Untracked 
|  47|0x0000000082f00000, 0x0000000082f00000, 0x0000000083000000|  0%| F|  |TAMS 0x0000000082f00000, 0x0000000082f00000| Untracked 
|  48|0x0000000083000000, 0x0000000083000000, 0x0000000083100000|  0%| F|  |TAMS 0x0000000083000000, 0x0000000083000000| Untracked 
|  49|0x0000000083100000, 0x0000000083100000, 0x0000000083200000|  0%| F|  |TAMS 0x0000000083100000, 0x0000000083100000| Untracked 
|  50|0x0000000083200000, 0x0000000083200000, 0x0000000083300000|  0%| F|  |TAMS 0x0000000083200000, 0x0000000083200000| Untracked 
|  51|0x0000000083300000, 0x0000000083300000, 0x0000000083400000|  0%| F|  |TAMS 0x0000000083300000, 0x0000000083300000| Untracked 
|  52|0x0000000083400000, 0x0000000083400000, 0x0000000083500000|  0%| F|  |TAMS 0x0000000083400000, 0x0000000083400000| Untracked 
|  53|0x0000000083500000, 0x0000000083500000, 0x0000000083600000|  0%| F|  |TAMS 0x0000000083500000, 0x0000000083500000| Untracked 
|  54|0x0000000083600000, 0x0000000083600000, 0x0000000083700000|  0%| F|  |TAMS 0x0000000083600000, 0x0000000083600000| Untracked 
|  55|0x0000000083700000, 0x0000000083700000, 0x0000000083800000|  0%| F|  |TAMS 0x0000000083700000, 0x0000000083700000| Untracked 
|  56|0x0000000083800000, 0x0000000083800000, 0x0000000083900000|  0%| F|  |TAMS 0x0000000083800000, 0x0000000083800000| Untracked 
|  57|0x0000000083900000, 0x0000000083900000, 0x0000000083a00000|  0%| F|  |TAMS 0x0000000083900000, 0x0000000083900000| Untracked 
|  58|0x0000000083a00000, 0x0000000083a00000, 0x0000000083b00000|  0%| F|  |TAMS 0x0000000083a00000, 0x0000000083a00000| Untracked 
|  59|0x0000000083b00000, 0x0000000083b00000, 0x0000000083c00000|  0%| F|  |TAMS 0x0000000083b00000, 0x0000000083b00000| Untracked 
|  60|0x0000000083c00000, 0x0000000083c00000, 0x0000000083d00000|  0%| F|  |TAMS 0x0000000083c00000, 0x0000000083c00000| Untracked 
|  61|0x0000000083d00000, 0x0000000083d00000, 0x0000000083e00000|  0%| F|  |TAMS 0x0000000083d00000, 0x0000000083d00000| Untracked 
|  62|0x0000000083e00000, 0x0000000083e00000, 0x0000000083f00000|  0%| F|  |TAMS 0x0000000083e00000, 0x0000000083e00000| Untracked 
|  63|0x0000000083f00000, 0x0000000083f00000, 0x0000000084000000|  0%| F|  |TAMS 0x0000000083f00000, 0x0000000083f00000| Untracked 
|  64|0x0000000084000000, 0x0000000084000000, 0x0000000084100000|  0%| F|  |TAMS 0x0000000084000000, 0x0000000084000000| Untracked 
|  65|0x0000000084100000, 0x0000000084100000, 0x0000000084200000|  0%| F|  |TAMS 0x0000000084100000, 0x0000000084100000| Untracked 
|  66|0x0000000084200000, 0x0000000084200000, 0x0000000084300000|  0%| F|  |TAMS 0x0000000084200000, 0x0000000084200000| Untracked 
|  67|0x0000000084300000, 0x0000000084300000, 0x0000000084400000|  0%| F|  |TAMS 0x0000000084300000, 0x0000000084300000| Untracked 
|  68|0x0000000084400000, 0x0000000084400000, 0x0000000084500000|  0%| F|  |TAMS 0x0000000084400000, 0x0000000084400000| Untracked 
|  69|0x0000000084500000, 0x0000000084500000, 0x0000000084600000|  0%| F|  |TAMS 0x0000000084500000, 0x0000000084500000| Untracked 
|  70|0x0000000084600000, 0x0000000084600000, 0x0000000084700000|  0%| F|  |TAMS 0x0000000084600000, 0x0000000084600000| Untracked 
|  71|0x0000000084700000, 0x0000000084700000, 0x0000000084800000|  0%| F|  |TAMS 0x0000000084700000, 0x0000000084700000| Untracked 
|  72|0x0000000084800000, 0x0000000084800000, 0x0000000084900000|  0%| F|  |TAMS 0x0000000084800000, 0x0000000084800000| Untracked 
|  73|0x0000000084900000, 0x0000000084a00000, 0x0000000084a00000|100%| S|CS|TAMS 0x0000000084900000, 0x0000000084900000| Complete 
|  74|0x0000000084a00000, 0x0000000084b00000, 0x0000000084b00000|100%| S|CS|TAMS 0x0000000084a00000, 0x0000000084a00000| Complete 
|  75|0x0000000084b00000, 0x0000000084c00000, 0x0000000084c00000|100%| S|CS|TAMS 0x0000000084b00000, 0x0000000084b00000| Complete 
|  76|0x0000000084c00000, 0x0000000084d00000, 0x0000000084d00000|100%| S|CS|TAMS 0x0000000084c00000, 0x0000000084c00000| Complete 
|  77|0x0000000084d00000, 0x0000000084e00000, 0x0000000084e00000|100%| S|CS|TAMS 0x0000000084d00000, 0x0000000084d00000| Complete 
|  78|0x0000000084e00000, 0x0000000084f00000, 0x0000000084f00000|100%| S|CS|TAMS 0x0000000084e00000, 0x0000000084e00000| Complete 
|  79|0x0000000084f00000, 0x0000000085000000, 0x0000000085000000|100%| S|CS|TAMS 0x0000000084f00000, 0x0000000084f00000| Complete 
|  80|0x0000000085000000, 0x0000000085100000, 0x0000000085100000|100%| S|CS|TAMS 0x0000000085000000, 0x0000000085000000| Complete 
|  81|0x0000000085100000, 0x0000000085200000, 0x0000000085200000|100%| S|CS|TAMS 0x0000000085100000, 0x0000000085100000| Complete 
|  82|0x0000000085200000, 0x0000000085200000, 0x0000000085300000|  0%| F|  |TAMS 0x0000000085200000, 0x0000000085200000| Untracked 
|  83|0x0000000085300000, 0x0000000085300000, 0x0000000085400000|  0%| F|  |TAMS 0x0000000085300000, 0x0000000085300000| Untracked 
|  84|0x0000000085400000, 0x0000000085400000, 0x0000000085500000|  0%| F|  |TAMS 0x0000000085400000, 0x0000000085400000| Untracked 
|  85|0x0000000085500000, 0x0000000085500000, 0x0000000085600000|  0%| F|  |TAMS 0x0000000085500000, 0x0000000085500000| Untracked 
|  86|0x0000000085600000, 0x0000000085600000, 0x0000000085700000|  0%| F|  |TAMS 0x0000000085600000, 0x0000000085600000| Untracked 
|  87|0x0000000085700000, 0x0000000085700000, 0x0000000085800000|  0%| F|  |TAMS 0x0000000085700000, 0x0000000085700000| Untracked 
|  88|0x0000000085800000, 0x0000000085800000, 0x0000000085900000|  0%| F|  |TAMS 0x0000000085800000, 0x0000000085800000| Untracked 
|  89|0x0000000085900000, 0x0000000085900000, 0x0000000085a00000|  0%| F|  |TAMS 0x0000000085900000, 0x0000000085900000| Untracked 
|  90|0x0000000085a00000, 0x0000000085a00000, 0x0000000085b00000|  0%| F|  |TAMS 0x0000000085a00000, 0x0000000085a00000| Untracked 
|  91|0x0000000085b00000, 0x0000000085b00000, 0x0000000085c00000|  0%| F|  |TAMS 0x0000000085b00000, 0x0000000085b00000| Untracked 
|  92|0x0000000085c00000, 0x0000000085c00000, 0x0000000085d00000|  0%| F|  |TAMS 0x0000000085c00000, 0x0000000085c00000| Untracked 
|  93|0x0000000085d00000, 0x0000000085d00000, 0x0000000085e00000|  0%| F|  |TAMS 0x0000000085d00000, 0x0000000085d00000| Untracked 
|  94|0x0000000085e00000, 0x0000000085e00000, 0x0000000085f00000|  0%| F|  |TAMS 0x0000000085e00000, 0x0000000085e00000| Untracked 
|  95|0x0000000085f00000, 0x0000000085f00000, 0x0000000086000000|  0%| F|  |TAMS 0x0000000085f00000, 0x0000000085f00000| Untracked 
|  96|0x0000000086000000, 0x0000000086000000, 0x0000000086100000|  0%| F|  |TAMS 0x0000000086000000, 0x0000000086000000| Untracked 
|  97|0x0000000086100000, 0x0000000086100000, 0x0000000086200000|  0%| F|  |TAMS 0x0000000086100000, 0x0000000086100000| Untracked 
|  98|0x0000000086200000, 0x0000000086200000, 0x0000000086300000|  0%| F|  |TAMS 0x0000000086200000, 0x0000000086200000| Untracked 
|  99|0x0000000086300000, 0x0000000086300000, 0x0000000086400000|  0%| F|  |TAMS 0x0000000086300000, 0x0000000086300000| Untracked 
| 100|0x0000000086400000, 0x0000000086400000, 0x0000000086500000|  0%| F|  |TAMS 0x0000000086400000, 0x0000000086400000| Untracked 
| 101|0x0000000086500000, 0x0000000086500000, 0x0000000086600000|  0%| F|  |TAMS 0x0000000086500000, 0x0000000086500000| Untracked 
| 102|0x0000000086600000, 0x0000000086600000, 0x0000000086700000|  0%| F|  |TAMS 0x0000000086600000, 0x0000000086600000| Untracked 
| 103|0x0000000086700000, 0x0000000086700000, 0x0000000086800000|  0%| F|  |TAMS 0x0000000086700000, 0x0000000086700000| Untracked 
| 104|0x0000000086800000, 0x0000000086800000, 0x0000000086900000|  0%| F|  |TAMS 0x0000000086800000, 0x0000000086800000| Untracked 
| 105|0x0000000086900000, 0x0000000086900000, 0x0000000086a00000|  0%| F|  |TAMS 0x0000000086900000, 0x0000000086900000| Untracked 
| 106|0x0000000086a00000, 0x0000000086a00000, 0x0000000086b00000|  0%| F|  |TAMS 0x0000000086a00000, 0x0000000086a00000| Untracked 
| 107|0x0000000086b00000, 0x0000000086b80800, 0x0000000086c00000| 50%| E|  |TAMS 0x0000000086b00000, 0x0000000086b00000| Complete 
| 108|0x0000000086c00000, 0x0000000086d00000, 0x0000000086d00000|100%| E|CS|TAMS 0x0000000086c00000, 0x0000000086c00000| Complete 
| 109|0x0000000086d00000, 0x0000000086e00000, 0x0000000086e00000|100%| E|CS|TAMS 0x0000000086d00000, 0x0000000086d00000| Complete 
| 110|0x0000000086e00000, 0x0000000086f00000, 0x0000000086f00000|100%| E|CS|TAMS 0x0000000086e00000, 0x0000000086e00000| Complete 
| 111|0x0000000086f00000, 0x0000000087000000, 0x0000000087000000|100%| E|CS|TAMS 0x0000000086f00000, 0x0000000086f00000| Complete 
| 112|0x0000000087000000, 0x0000000087100000, 0x0000000087100000|100%| E|CS|TAMS 0x0000000087000000, 0x0000000087000000| Complete 
| 113|0x0000000087100000, 0x0000000087200000, 0x0000000087200000|100%| E|CS|TAMS 0x0000000087100000, 0x0000000087100000| Complete 
| 114|0x0000000087200000, 0x0000000087300000, 0x0000000087300000|100%| E|CS|TAMS 0x0000000087200000, 0x0000000087200000| Complete 
| 115|0x0000000087300000, 0x0000000087400000, 0x0000000087400000|100%| E|CS|TAMS 0x0000000087300000, 0x0000000087300000| Complete 
| 116|0x0000000087400000, 0x0000000087500000, 0x0000000087500000|100%| E|CS|TAMS 0x0000000087400000, 0x0000000087400000| Complete 
| 117|0x0000000087500000, 0x0000000087600000, 0x0000000087600000|100%| E|CS|TAMS 0x0000000087500000, 0x0000000087500000| Complete 
| 118|0x0000000087600000, 0x0000000087700000, 0x0000000087700000|100%| E|CS|TAMS 0x0000000087600000, 0x0000000087600000| Complete 
| 119|0x0000000087700000, 0x0000000087800000, 0x0000000087800000|100%| E|CS|TAMS 0x0000000087700000, 0x0000000087700000| Complete 
| 120|0x0000000087800000, 0x0000000087900000, 0x0000000087900000|100%| E|CS|TAMS 0x0000000087800000, 0x0000000087800000| Complete 
| 121|0x0000000087900000, 0x0000000087a00000, 0x0000000087a00000|100%| E|CS|TAMS 0x0000000087900000, 0x0000000087900000| Complete 
| 122|0x0000000087a00000, 0x0000000087b00000, 0x0000000087b00000|100%| E|CS|TAMS 0x0000000087a00000, 0x0000000087a00000| Complete 
| 123|0x0000000087b00000, 0x0000000087c00000, 0x0000000087c00000|100%| E|CS|TAMS 0x0000000087b00000, 0x0000000087b00000| Complete 
| 124|0x0000000087c00000, 0x0000000087d00000, 0x0000000087d00000|100%| E|CS|TAMS 0x0000000087c00000, 0x0000000087c00000| Complete 
| 125|0x0000000087d00000, 0x0000000087e00000, 0x0000000087e00000|100%| E|CS|TAMS 0x0000000087d00000, 0x0000000087d00000| Complete 
| 126|0x0000000087e00000, 0x0000000087f00000, 0x0000000087f00000|100%| E|CS|TAMS 0x0000000087e00000, 0x0000000087e00000| Complete 
| 127|0x0000000087f00000, 0x0000000088000000, 0x0000000088000000|100%| E|CS|TAMS 0x0000000087f00000, 0x0000000087f00000| Complete 
| 128|0x0000000088000000, 0x0000000088100000, 0x0000000088100000|100%| E|CS|TAMS 0x0000000088000000, 0x0000000088000000| Complete 
| 129|0x0000000088100000, 0x0000000088200000, 0x0000000088200000|100%| E|CS|TAMS 0x0000000088100000, 0x0000000088100000| Complete 
| 130|0x0000000088200000, 0x0000000088300000, 0x0000000088300000|100%| E|CS|TAMS 0x0000000088200000, 0x0000000088200000| Complete 
| 131|0x0000000088300000, 0x0000000088400000, 0x0000000088400000|100%| E|CS|TAMS 0x0000000088300000, 0x0000000088300000| Complete 
| 132|0x0000000088400000, 0x0000000088500000, 0x0000000088500000|100%| E|CS|TAMS 0x0000000088400000, 0x0000000088400000| Complete 
| 133|0x0000000088500000, 0x0000000088600000, 0x0000000088600000|100%| E|CS|TAMS 0x0000000088500000, 0x0000000088500000| Complete 
| 134|0x0000000088600000, 0x0000000088700000, 0x0000000088700000|100%| E|CS|TAMS 0x0000000088600000, 0x0000000088600000| Complete 
| 135|0x0000000088700000, 0x0000000088800000, 0x0000000088800000|100%| E|CS|TAMS 0x0000000088700000, 0x0000000088700000| Complete 
| 136|0x0000000088800000, 0x0000000088900000, 0x0000000088900000|100%| E|CS|TAMS 0x0000000088800000, 0x0000000088800000| Complete 
| 137|0x0000000088900000, 0x0000000088a00000, 0x0000000088a00000|100%| E|CS|TAMS 0x0000000088900000, 0x0000000088900000| Complete 
| 138|0x0000000088a00000, 0x0000000088b00000, 0x0000000088b00000|100%| E|CS|TAMS 0x0000000088a00000, 0x0000000088a00000| Complete 
| 139|0x0000000088b00000, 0x0000000088c00000, 0x0000000088c00000|100%| E|CS|TAMS 0x0000000088b00000, 0x0000000088b00000| Complete 
| 140|0x0000000088c00000, 0x0000000088d00000, 0x0000000088d00000|100%| E|CS|TAMS 0x0000000088c00000, 0x0000000088c00000| Complete 
| 141|0x0000000088d00000, 0x0000000088e00000, 0x0000000088e00000|100%| E|CS|TAMS 0x0000000088d00000, 0x0000000088d00000| Complete 
| 142|0x0000000088e00000, 0x0000000088f00000, 0x0000000088f00000|100%| E|CS|TAMS 0x0000000088e00000, 0x0000000088e00000| Complete 
| 143|0x0000000088f00000, 0x0000000089000000, 0x0000000089000000|100%| E|CS|TAMS 0x0000000088f00000, 0x0000000088f00000| Complete 
| 144|0x0000000089000000, 0x0000000089100000, 0x0000000089100000|100%| E|CS|TAMS 0x0000000089000000, 0x0000000089000000| Complete 
| 145|0x0000000089100000, 0x0000000089200000, 0x0000000089200000|100%| E|CS|TAMS 0x0000000089100000, 0x0000000089100000| Complete 
| 146|0x0000000089200000, 0x0000000089300000, 0x0000000089300000|100%| E|CS|TAMS 0x0000000089200000, 0x0000000089200000| Complete 
| 147|0x0000000089300000, 0x0000000089400000, 0x0000000089400000|100%| E|CS|TAMS 0x0000000089300000, 0x0000000089300000| Complete 
| 148|0x0000000089400000, 0x0000000089500000, 0x0000000089500000|100%| E|CS|TAMS 0x0000000089400000, 0x0000000089400000| Complete 
| 149|0x0000000089500000, 0x0000000089600000, 0x0000000089600000|100%| E|CS|TAMS 0x0000000089500000, 0x0000000089500000| Complete 
| 150|0x0000000089600000, 0x0000000089700000, 0x0000000089700000|100%| E|CS|TAMS 0x0000000089600000, 0x0000000089600000| Complete 
| 151|0x0000000089700000, 0x0000000089800000, 0x0000000089800000|100%| E|CS|TAMS 0x0000000089700000, 0x0000000089700000| Complete 

Card table byte_map: [0x0000024e5c060000,0x0000024e5c460000] _byte_map_base: 0x0000024e5bc60000

Marking Bits (Prev, Next): (CMBitMap*) 0x0000024e4869a2f8, (CMBitMap*) 0x0000024e4869a330
 Prev Bits: [0x0000024e5c860000, 0x0000024e5e860000)
 Next Bits: [0x0000024e5e860000, 0x0000024e60860000)

Polling page: 0x0000024e46e10000

Metaspace:

Usage:
  Non-class:     57.22 MB capacity,    56.17 MB ( 98%) used,   920.30 KB (  2%) free+waste,   157.31 KB ( <1%) overhead. 
      Class:      8.96 MB capacity,     8.41 MB ( 94%) used,   494.19 KB (  5%) free+waste,    74.88 KB ( <1%) overhead. 
       Both:     66.18 MB capacity,    64.58 MB ( 98%) used,     1.38 MB (  2%) free+waste,   232.19 KB ( <1%) overhead. 

Virtual space:
  Non-class space:       58.00 MB reserved,      57.37 MB ( 99%) committed 
      Class space:        1.00 GB reserved,       9.00 MB ( <1%) committed 
             Both:        1.06 GB reserved,      66.37 MB (  6%) committed 

Chunk freelists:
   Non-Class:  24.00 KB
       Class:  7.00 KB
        Both:  31.00 KB

MaxMetaspaceSize: 17179869184.00 GB
CompressedClassSpaceSize: 1.00 GB

CodeHeap 'non-profiled nmethods': size=120000Kb used=3258Kb max_used=3258Kb free=116741Kb
 bounds [0x0000024e53ab0000, 0x0000024e53de0000, 0x0000024e5afe0000]
CodeHeap 'profiled nmethods': size=120000Kb used=12743Kb max_used=12743Kb free=107257Kb
 bounds [0x0000024e4c580000, 0x0000024e4d200000, 0x0000024e53ab0000]
CodeHeap 'non-nmethods': size=5760Kb used=2238Kb max_used=2285Kb free=3521Kb
 bounds [0x0000024e4bfe0000, 0x0000024e4c250000, 0x0000024e4c580000]
 total_blobs=6534 nmethods=5712 adapters=733
 compilation: enabled
              stopped_count=0, restarted_count=0
 full_count=0

Compilation events (20 events):
Event: 10.619 Thread 0x0000024e63589800 5982       3       java.lang.reflect.ProxyGenerator$MethodInfo::write (283 bytes)
Event: 10.622 Thread 0x0000024e63589800 nmethod 5982 0x0000024e4d1d1290 code [0x0000024e4d1d1940, 0x0000024e4d1d5dc8]
Event: 10.634 Thread 0x0000024e63589800 5983       3       java.lang.reflect.ProxyGenerator$ProxyMethod::generateMethod (733 bytes)
Event: 10.668 Thread 0x0000024e63589800 nmethod 5983 0x0000024e4d1d7310 code [0x0000024e4d1d8080, 0x0000024e4d1e0be8]
Event: 10.668 Thread 0x0000024e63589800 5988       3       org.objectweb.asm.ByteVector::putInt (74 bytes)
Event: 10.668 Thread 0x0000024e63589800 nmethod 5988 0x0000024e4d1e4310 code [0x0000024e4d1e44e0, 0x0000024e4d1e4728]
Event: 10.668 Thread 0x0000024e63589800 5986       3       java.lang.reflect.ProxyGenerator::computeUniqueCatchList (163 bytes)
Event: 10.670 Thread 0x0000024e63589800 nmethod 5986 0x0000024e4d1e4890 code [0x0000024e4d1e4ca0, 0x0000024e4d1e6938]
Event: 10.670 Thread 0x0000024e63589800 5987       3       java.lang.reflect.ProxyGenerator$FieldInfo::write (50 bytes)
Event: 10.671 Thread 0x0000024e63589800 nmethod 5987 0x0000024e4d1e7590 code [0x0000024e4d1e7880, 0x0000024e4d1e87b8]
Event: 10.671 Thread 0x0000024e63589800 5984       3       java.lang.reflect.ProxyGenerator::getMethodDescriptor (37 bytes)
Event: 10.671 Thread 0x0000024e63589800 nmethod 5984 0x0000024e4d1e8d10 code [0x0000024e4d1e8f80, 0x0000024e4d1e9788]
Event: 10.671 Thread 0x0000024e63589800 5985       3       java.lang.reflect.ProxyGenerator$ConstantPool::getInterfaceMethodRef (33 bytes)
Event: 10.672 Thread 0x0000024e63589800 nmethod 5985 0x0000024e4d1e9a90 code [0x0000024e4d1e9d60, 0x0000024e4d1ea9a8]
Event: 10.712 Thread 0x0000024e63589800 5990       3       org.gradle.internal.reflect.MethodSet::add (50 bytes)
Event: 10.712 Thread 0x0000024e63589800 nmethod 5990 0x0000024e4d1eaf10 code [0x0000024e4d1eb140, 0x0000024e4d1eb9b8]
Event: 10.713 Thread 0x0000024e63589800 5991       3       java.util.HashMap::getNode (148 bytes)
Event: 10.713 Thread 0x0000024e63589800 nmethod 5991 0x0000024e4d1ebc90 code [0x0000024e4d1ebee0, 0x0000024e4d1ec9a8]
Event: 10.716 Thread 0x0000024e63589800 5992       3       java.util.HashMap::resize (356 bytes)
Event: 10.717 Thread 0x0000024e63589800 nmethod 5992 0x0000024e4d1ecc90 code [0x0000024e4d1ecf60, 0x0000024e4d1ee308]

GC Heap History (20 events):
Event: 3.357 GC heap before
{Heap before GC invocations=1 (full 0):
 garbage-first heap   total 129024K, used 82873K [0x0000000080000000, 0x0000000100000000)
  region size 1024K, 75 young (76800K), 3 survivors (3072K)
 Metaspace       used 18850K, capacity 19265K, committed 19328K, reserved 1067008K
  class space    used 2270K, capacity 2394K, committed 2432K, reserved 1048576K
}
Event: 3.363 GC heap after
{Heap after GC invocations=2 (full 0):
 garbage-first heap   total 129024K, used 15735K [0x0000000080000000, 0x0000000100000000)
  region size 1024K, 10 young (10240K), 10 survivors (10240K)
 Metaspace       used 18850K, capacity 19265K, committed 19328K, reserved 1067008K
  class space    used 2270K, capacity 2394K, committed 2432K, reserved 1048576K
}
Event: 3.498 GC heap before
{Heap before GC invocations=2 (full 0):
 garbage-first heap   total 129024K, used 29047K [0x0000000080000000, 0x0000000100000000)
  region size 1024K, 24 young (24576K), 10 survivors (10240K)
 Metaspace       used 20565K, capacity 21131K, committed 21296K, reserved 1069056K
  class space    used 2520K, capacity 2680K, committed 2688K, reserved 1048576K
}
Event: 3.504 GC heap after
{Heap after GC invocations=3 (full 0):
 garbage-first heap   total 129024K, used 16868K [0x0000000080000000, 0x0000000100000000)
  region size 1024K, 1 young (1024K), 1 survivors (1024K)
 Metaspace       used 20565K, capacity 21131K, committed 21296K, reserved 1069056K
  class space    used 2520K, capacity 2680K, committed 2688K, reserved 1048576K
}
Event: 4.101 GC heap before
{Heap before GC invocations=4 (full 0):
 garbage-first heap   total 129024K, used 74212K [0x0000000080000000, 0x0000000100000000)
  region size 1024K, 57 young (58368K), 1 survivors (1024K)
 Metaspace       used 26845K, capacity 27464K, committed 27568K, reserved 1073152K
  class space    used 3528K, capacity 3754K, committed 3840K, reserved 1048576K
}
Event: 4.103 GC heap after
{Heap after GC invocations=5 (full 0):
 garbage-first heap   total 129024K, used 18720K [0x0000000080000000, 0x0000000100000000)
  region size 1024K, 3 young (3072K), 3 survivors (3072K)
 Metaspace       used 26845K, capacity 27464K, committed 27568K, reserved 1073152K
  class space    used 3528K, capacity 3754K, committed 3840K, reserved 1048576K
}
Event: 4.859 GC heap before
{Heap before GC invocations=5 (full 0):
 garbage-first heap   total 129024K, used 59680K [0x0000000080000000, 0x0000000100000000)
  region size 1024K, 44 young (45056K), 3 survivors (3072K)
 Metaspace       used 34892K, capacity 35633K, committed 35708K, reserved 1081344K
  class space    used 4536K, capacity 4817K, committed 4864K, reserved 1048576K
}
Event: 4.875 GC heap after
{Heap after GC invocations=6 (full 0):
 garbage-first heap   total 129024K, used 21587K [0x0000000080000000, 0x0000000100000000)
  region size 1024K, 6 young (6144K), 6 survivors (6144K)
 Metaspace       used 34892K, capacity 35633K, committed 35708K, reserved 1081344K
  class space    used 4536K, capacity 4817K, committed 4864K, reserved 1048576K
}
Event: 5.530 GC heap before
{Heap before GC invocations=7 (full 0):
 garbage-first heap   total 129024K, used 87123K [0x0000000080000000, 0x0000000100000000)
  region size 1024K, 66 young (67584K), 6 survivors (6144K)
 Metaspace       used 40940K, capacity 41842K, committed 42108K, reserved 1085440K
  class space    used 5235K, capacity 5536K, committed 5632K, reserved 1048576K
}
Event: 5.542 GC heap after
{Heap after GC invocations=8 (full 0):
 garbage-first heap   total 129024K, used 25085K [0x0000000080000000, 0x0000000100000000)
  region size 1024K, 7 young (7168K), 7 survivors (7168K)
 Metaspace       used 40940K, capacity 41842K, committed 42108K, reserved 1085440K
  class space    used 5235K, capacity 5536K, committed 5632K, reserved 1048576K
}
Event: 6.254 GC heap before
{Heap before GC invocations=8 (full 0):
 garbage-first heap   total 129024K, used 86525K [0x0000000080000000, 0x0000000100000000)
  region size 1024K, 67 young (68608K), 7 survivors (7168K)
 Metaspace       used 44368K, capacity 45407K, committed 45692K, reserved 1089536K
  class space    used 5702K, capacity 6089K, committed 6144K, reserved 1048576K
}
Event: 6.261 GC heap after
{Heap after GC invocations=9 (full 0):
 garbage-first heap   total 129024K, used 28777K [0x0000000080000000, 0x0000000100000000)
  region size 1024K, 7 young (7168K), 7 survivors (7168K)
 Metaspace       used 44368K, capacity 45407K, committed 45692K, reserved 1089536K
  class space    used 5702K, capacity 6089K, committed 6144K, reserved 1048576K
}
Event: 7.271 GC heap before
{Heap before GC invocations=9 (full 0):
 garbage-first heap   total 129024K, used 94313K [0x0000000080000000, 0x0000000100000000)
  region size 1024K, 68 young (69632K), 7 survivors (7168K)
 Metaspace       used 52427K, capacity 53690K, committed 53884K, reserved 1095680K
  class space    used 6682K, capacity 7104K, committed 7168K, reserved 1048576K
}
Event: 7.294 GC heap after
{Heap after GC invocations=10 (full 0):
 garbage-first heap   total 129024K, used 39735K [0x0000000080000000, 0x0000000100000000)
  region size 1024K, 9 young (9216K), 9 survivors (9216K)
 Metaspace       used 52427K, capacity 53690K, committed 53884K, reserved 1095680K
  class space    used 6682K, capacity 7104K, committed 7168K, reserved 1048576K
}
Event: 8.426 GC heap before
{Heap before GC invocations=10 (full 0):
 garbage-first heap   total 129024K, used 95031K [0x0000000080000000, 0x0000000100000000)
  region size 1024K, 63 young (64512K), 9 survivors (9216K)
 Metaspace       used 58065K, capacity 59490K, committed 59772K, reserved 1101824K
  class space    used 7392K, capacity 7894K, committed 7936K, reserved 1048576K
}
Event: 8.436 GC heap after
{Heap after GC invocations=11 (full 0):
 garbage-first heap   total 155648K, used 43838K [0x0000000080000000, 0x0000000100000000)
  region size 1024K, 5 young (5120K), 5 survivors (5120K)
 Metaspace       used 58065K, capacity 59490K, committed 59772K, reserved 1101824K
  class space    used 7392K, capacity 7894K, committed 7936K, reserved 1048576K
}
Event: 8.461 GC heap before
{Heap before GC invocations=11 (full 0):
 garbage-first heap   total 155648K, used 43838K [0x0000000080000000, 0x0000000100000000)
  region size 1024K, 6 young (6144K), 5 survivors (5120K)
 Metaspace       used 58383K, capacity 59805K, committed 59940K, reserved 1101824K
  class space    used 7427K, capacity 7915K, committed 7936K, reserved 1048576K
}
Event: 8.464 GC heap after
{Heap after GC invocations=12 (full 0):
 garbage-first heap   total 155648K, used 43726K [0x0000000080000000, 0x0000000100000000)
  region size 1024K, 4 young (4096K), 4 survivors (4096K)
 Metaspace       used 58383K, capacity 59805K, committed 59940K, reserved 1101824K
  class space    used 7427K, capacity 7915K, committed 7936K, reserved 1048576K
}
Event: 9.823 GC heap before
{Heap before GC invocations=13 (full 0):
 garbage-first heap   total 155648K, used 111310K [0x0000000080000000, 0x0000000100000000)
  region size 1024K, 70 young (71680K), 4 survivors (4096K)
 Metaspace       used 64452K, capacity 66031K, committed 66172K, reserved 1105920K
  class space    used 8334K, capacity 8922K, committed 8960K, reserved 1048576K
}
Event: 9.832 GC heap after
{Heap after GC invocations=14 (full 0):
 garbage-first heap   total 155648K, used 49142K [0x0000000080000000, 0x0000000100000000)
  region size 1024K, 9 young (9216K), 9 survivors (9216K)
 Metaspace       used 64452K, capacity 66031K, committed 66172K, reserved 1105920K
  class space    used 8334K, capacity 8922K, committed 8960K, reserved 1048576K
}

Deoptimization events (20 events):
Event: 10.635 Thread 0x0000024e65d34800 Uncommon trap: trap_request=0xffffff4d fr.pc=0x0000024e53d9d030 relative=0x0000000000000110
Event: 10.635 Thread 0x0000024e65d34800 Uncommon trap: reason=unstable_if action=reinterpret pc=0x0000024e53d9d030 method=org.objectweb.asm.ByteVector.putInt(I)Lorg/objectweb/asm/ByteVector; @ 13 c2
Event: 10.635 Thread 0x0000024e65d34800 DEOPT PACKING pc=0x0000024e53d9d030 sp=0x000000acf39f7e30
Event: 10.635 Thread 0x0000024e65d34800 DEOPT UNPACKING pc=0x0000024e4c0074af sp=0x000000acf39f7db8 mode 2
Event: 10.711 Thread 0x0000024e65d34800 Uncommon trap: trap_request=0xffffff4d fr.pc=0x0000024e53b15ac4 relative=0x00000000000009e4
Event: 10.711 Thread 0x0000024e65d34800 Uncommon trap: reason=unstable_if action=reinterpret pc=0x0000024e53b15ac4 method=java.util.HashMap.resize()[Ljava/util/HashMap$Node; @ 203 c2
Event: 10.711 Thread 0x0000024e65d34800 DEOPT PACKING pc=0x0000024e53b15ac4 sp=0x000000acf39f8160
Event: 10.711 Thread 0x0000024e65d34800 DEOPT UNPACKING pc=0x0000024e4c0074af sp=0x000000acf39f8100 mode 2
Event: 10.711 Thread 0x0000024e65d34800 Uncommon trap: trap_request=0xffffff4d fr.pc=0x0000024e53d10f70 relative=0x0000000000002610
Event: 10.711 Thread 0x0000024e65d34800 Uncommon trap: reason=unstable_if action=reinterpret pc=0x0000024e53d10f70 method=java.util.HashMap.getNode(ILjava/lang/Object;)Ljava/util/HashMap$Node; @ 84 c2
Event: 10.711 Thread 0x0000024e65d34800 DEOPT PACKING pc=0x0000024e53d10f70 sp=0x000000acf39f8200
Event: 10.711 Thread 0x0000024e65d34800 DEOPT UNPACKING pc=0x0000024e4c0074af sp=0x000000acf39f80e8 mode 2
Event: 10.711 Thread 0x0000024e65d34800 Uncommon trap: trap_request=0xffffff4d fr.pc=0x0000024e53dbb478 relative=0x00000000000002b8
Event: 10.711 Thread 0x0000024e65d34800 Uncommon trap: reason=unstable_if action=reinterpret pc=0x0000024e53dbb478 method=java.util.HashMap.getNode(ILjava/lang/Object;)Ljava/util/HashMap$Node; @ 84 c2
Event: 10.711 Thread 0x0000024e65d34800 DEOPT PACKING pc=0x0000024e53dbb478 sp=0x000000acf39f81b0
Event: 10.711 Thread 0x0000024e65d34800 DEOPT UNPACKING pc=0x0000024e4c0074af sp=0x000000acf39f80d0 mode 2
Event: 10.711 Thread 0x0000024e65d34800 Uncommon trap: trap_request=0xffffff4d fr.pc=0x0000024e53b8da64 relative=0x00000000000001a4
Event: 10.711 Thread 0x0000024e65d34800 Uncommon trap: reason=unstable_if action=reinterpret pc=0x0000024e53b8da64 method=java.util.HashMap.getNode(ILjava/lang/Object;)Ljava/util/HashMap$Node; @ 84 c2
Event: 10.711 Thread 0x0000024e65d34800 DEOPT PACKING pc=0x0000024e53b8da64 sp=0x000000acf39f8150
Event: 10.711 Thread 0x0000024e65d34800 DEOPT UNPACKING pc=0x0000024e4c0074af sp=0x000000acf39f80d8 mode 2

Classes redefined (0 events):
No events

Internal exceptions (20 events):
Event: 10.338 Thread 0x0000024e65d34800 Exception <a 'java/lang/ClassNotFoundException'{0x0000000087b5b430}: com/google/android/gms/dependencies/DependencyAnalyzerBeanInfo> (0x0000000087b5b430) thrown at [./src/hotspot/share/classfile/systemDictionary.cpp, line 231]
Event: 10.338 Thread 0x0000024e65d34800 Exception <a 'java/lang/ClassNotFoundException'{0x0000000087b6fbd0}: com/google/android/gms/dependencies/DependencyAnalyzerCustomizer> (0x0000000087b6fbd0) thrown at [./src/hotspot/share/classfile/systemDictionary.cpp, line 231]
Event: 10.352 Thread 0x0000024e65d34800 Exception <a 'java/lang/ClassNotFoundException'{0x0000000087be0b98}: com/google/android/gms/dependencies/DependencyInspectorBeanInfo> (0x0000000087be0b98) thrown at [./src/hotspot/share/classfile/systemDictionary.cpp, line 231]
Event: 10.353 Thread 0x0000024e65d34800 Exception <a 'java/lang/ClassNotFoundException'{0x0000000087bf53b8}: com/google/android/gms/dependencies/DependencyInspectorCustomizer> (0x0000000087bf53b8) thrown at [./src/hotspot/share/classfile/systemDictionary.cpp, line 231]
Event: 10.358 Thread 0x0000024e65d34800 Exception <a 'java/lang/ClassNotFoundException'{0x0000000087874e48}: org/gradle/api/internal/artifacts/configurations/DefaultConfigurationContainer_DecoratedBeanInfo> (0x0000000087874e48) thrown at [./src/hotspot/share/classfile/systemDictionary.cpp, line 231]
Event: 10.359 Thread 0x0000024e65d34800 Exception <a 'java/lang/ClassNotFoundException'{0x00000000878969b8}: org/gradle/api/internal/artifacts/configurations/DefaultConfigurationContainerBeanInfo> (0x00000000878969b8) thrown at [./src/hotspot/share/classfile/systemDictionary.cpp, line 231]
Event: 10.359 Thread 0x0000024e65d34800 Exception <a 'java/lang/ClassNotFoundException'{0x00000000878aacd8}: org/gradle/api/internal/AbstractValidatingNamedDomainObjectContainerBeanInfo> (0x00000000878aacd8) thrown at [./src/hotspot/share/classfile/systemDictionary.cpp, line 231]
Event: 10.359 Thread 0x0000024e65d34800 Exception <a 'java/lang/ClassNotFoundException'{0x00000000878befd8}: org/gradle/api/internal/AbstractValidatingNamedDomainObjectContainerCustomizer> (0x00000000878befd8) thrown at [./src/hotspot/share/classfile/systemDictionary.cpp, line 231]
Event: 10.360 Thread 0x0000024e65d34800 Exception <a 'java/lang/ClassNotFoundException'{0x00000000878eb628}: org/gradle/api/internal/artifacts/configurations/DefaultConfigurationContainerCustomizer> (0x00000000878eb628) thrown at [./src/hotspot/share/classfile/systemDictionary.cpp, line 231]
Event: 10.361 Thread 0x0000024e65d34800 Exception <a 'java/lang/ClassNotFoundException'{0x0000000087722cf0}: org/gradle/api/internal/artifacts/configurations/DefaultConfigurationContainer_DecoratedCustomizer> (0x0000000087722cf0) thrown at [./src/hotspot/share/classfile/systemDictionary.cpp, line 231]
Event: 10.368 Thread 0x0000024e65d34800 Exception <a 'java/lang/ClassNotFoundException'{0x0000000087551428}: org/gradle/api/internal/artifacts/configurations/DefaultConfiguration_DecoratedBeanInfo> (0x0000000087551428) thrown at [./src/hotspot/share/classfile/systemDictionary.cpp, line 231]
Event: 10.369 Thread 0x0000024e65d34800 Exception <a 'java/lang/ClassNotFoundException'{0x0000000087572908}: org/gradle/api/internal/artifacts/configurations/DefaultConfigurationBeanInfo> (0x0000000087572908) thrown at [./src/hotspot/share/classfile/systemDictionary.cpp, line 231]
Event: 10.369 Thread 0x0000024e65d34800 Exception <a 'java/lang/ClassNotFoundException'{0x0000000087594118}: org/gradle/api/internal/artifacts/configurations/DefaultConfigurationCustomizer> (0x0000000087594118) thrown at [./src/hotspot/share/classfile/systemDictionary.cpp, line 231]
Event: 10.371 Thread 0x0000024e65d34800 Exception <a 'java/lang/ClassNotFoundException'{0x0000000087401fc0}: org/gradle/api/internal/artifacts/configurations/DefaultConfiguration_DecoratedCustomizer> (0x0000000087401fc0) thrown at [./src/hotspot/share/classfile/systemDictionary.cpp, line 231]
Event: 10.377 Thread 0x0000024e65d34800 Exception <a 'java/lang/ClassNotFoundException'{0x00000000874b8a48}: org/codehaus/groovy/runtime/MethodClosureBeanInfo> (0x00000000874b8a48) thrown at [./src/hotspot/share/classfile/systemDictionary.cpp, line 231]
Event: 10.377 Thread 0x0000024e65d34800 Exception <a 'java/lang/ClassNotFoundException'{0x00000000874cb8c0}: org/codehaus/groovy/runtime/MethodClosureCustomizer> (0x00000000874cb8c0) thrown at [./src/hotspot/share/classfile/systemDictionary.cpp, line 231]
Event: 10.379 Thread 0x0000024e65d34800 Exception <a 'java/lang/ClassNotFoundException'{0x0000000087322fa8}: org/gradle/api/internal/artifacts/configurations/DefaultConfiguration$ConfigurationResolvableDependencies_DecoratedBeanInfo> (0x0000000087322fa8) thrown at [./src/hotspot/share/classfile/systemDictionary.cpp, line 231]
Event: 10.380 Thread 0x0000024e65d34800 Exception <a 'java/lang/ClassNotFoundException'{0x000000008734a940}: org/gradle/api/internal/artifacts/configurations/DefaultConfiguration$ConfigurationResolvableDependenciesBeanInfo> (0x000000008734a940) thrown at [./src/hotspot/share/classfile/systemDictionary.cpp, line 231]
Event: 10.380 Thread 0x0000024e65d34800 Exception <a 'java/lang/ClassNotFoundException'{0x00000000873739b0}: org/gradle/api/internal/artifacts/configurations/DefaultConfiguration$ConfigurationResolvableDependenciesCustomizer> (0x00000000873739b0) thrown at [./src/hotspot/share/classfile/systemDictionary.cpp, line 231]
Event: 10.381 Thread 0x0000024e65d34800 Exception <a 'java/lang/ClassNotFoundException'{0x00000000873ada58}: org/gradle/api/internal/artifacts/configurations/DefaultConfiguration$ConfigurationResolvableDependencies_DecoratedCustomizer> (0x00000000873ada58) thrown at [./src/hotspot/share/classfile/systemDictionary.cpp, line 231]

Events (20 events):
Event: 10.717 loading class org/gradle/api/file/FileTree
Event: 10.717 loading class org/gradle/api/file/FileTree done
Event: 10.718 loading class org/gradle/api/internal/file/FilteredFileTree
Event: 10.718 loading class org/gradle/api/internal/file/FilteredFileTree done
Event: 10.718 loading class org/gradle/api/internal/file/CompositeFileTree
Event: 10.718 loading class org/gradle/api/internal/file/CompositeFileTree done
Event: 10.719 loading class org/gradle/api/tasks/util/PatternFilterable
Event: 10.719 loading class org/gradle/api/tasks/util/PatternFilterable done
Event: 10.719 loading class org/gradle/api/tasks/util/PatternSet
Event: 10.719 loading class org/gradle/api/tasks/util/PatternSet done
Event: 10.719 loading class org/gradle/api/internal/file/FileCollectionBackedFileTree
Event: 10.719 loading class org/gradle/api/internal/file/FileCollectionBackedFileTree done
Event: 10.719 loading class org/gradle/api/internal/TaskInputsInternal
Event: 10.719 loading class org/gradle/api/internal/TaskInputsInternal done
Event: 10.719 loading class org/gradle/api/internal/tasks/DefaultTaskInputs$1
Event: 10.719 loading class org/gradle/api/internal/tasks/DefaultTaskInputs$1 done
Event: 10.720 loading class org/gradle/api/internal/tasks/TaskInputFilePropertyBuilderInternal
Event: 10.720 loading class org/gradle/api/internal/tasks/TaskInputFilePropertyBuilderInternal done
Event: 10.720 loading class org/gradle/api/internal/tasks/TaskFilePropertyBuilderInternal
Event: 10.720 loading class org/gradle/api/internal/tasks/TaskFilePropertyBuilderInternal done


Dynamic libraries:
0x00007ff6a1c50000 - 0x00007ff6a1c5a000 	C:\Program Files\Android\Android Studio1\jre\bin\java.exe
0x00007ffeed1d0000 - 0x00007ffeed3c5000 	C:\WINDOWS\SYSTEM32\ntdll.dll
0x00007ffeecf80000 - 0x00007ffeed03d000 	C:\WINDOWS\System32\KERNEL32.DLL
0x00007ffeeaf30000 - 0x00007ffeeb1f8000 	C:\WINDOWS\System32\KERNELBASE.dll
0x00007ffeeabc0000 - 0x00007ffeeacc0000 	C:\WINDOWS\System32\ucrtbase.dll
0x00007ffee1ec0000 - 0x00007ffee1ed9000 	C:\Program Files\Android\Android Studio1\jre\bin\jli.dll
0x00007ffeeb6a0000 - 0x00007ffeeb840000 	C:\WINDOWS\System32\USER32.dll
0x00007ffeeb200000 - 0x00007ffeeb222000 	C:\WINDOWS\System32\win32u.dll
0x00007ffedefe0000 - 0x00007ffedf27a000 	C:\WINDOWS\WinSxS\amd64_microsoft.windows.common-controls_6595b64144ccf1df_6.0.19041.844_none_ca00b6081b84eb1d\COMCTL32.dll
0x00007ffeeb230000 - 0x00007ffeeb25a000 	C:\WINDOWS\System32\GDI32.dll
0x00007ffeeb300000 - 0x00007ffeeb39e000 	C:\WINDOWS\System32\msvcrt.dll
0x00007ffeea9e0000 - 0x00007ffeeaaeb000 	C:\WINDOWS\System32\gdi32full.dll
0x00007ffecf1f0000 - 0x00007ffecf207000 	C:\Program Files\Android\Android Studio1\jre\bin\VCRUNTIME140.dll
0x00007ffeea910000 - 0x00007ffeea9ad000 	C:\WINDOWS\System32\msvcp_win.dll
0x00007ffeec810000 - 0x00007ffeec840000 	C:\WINDOWS\System32\IMM32.DLL
0x00007ffec7120000 - 0x00007ffec71bd000 	C:\Program Files\Android\Android Studio1\jre\bin\msvcp140.dll
0x00007ffe841f0000 - 0x00007ffe84cac000 	C:\Program Files\Android\Android Studio1\jre\bin\server\jvm.dll
0x00007ffeed040000 - 0x00007ffeed0ec000 	C:\WINDOWS\System32\ADVAPI32.dll
0x00007ffeeb550000 - 0x00007ffeeb5eb000 	C:\WINDOWS\System32\sechost.dll
0x00007ffeeca80000 - 0x00007ffeecbab000 	C:\WINDOWS\System32\RPCRT4.dll
0x00007ffeebfc0000 - 0x00007ffeebfc8000 	C:\WINDOWS\System32\PSAPI.DLL
0x00007ffee2230000 - 0x00007ffee2257000 	C:\WINDOWS\SYSTEM32\WINMM.dll
0x00007ffee4940000 - 0x00007ffee494a000 	C:\WINDOWS\SYSTEM32\VERSION.dll
0x00007ffee2c70000 - 0x00007ffee2c79000 	C:\WINDOWS\SYSTEM32\WSOCK32.dll
0x00007ffeecf10000 - 0x00007ffeecf7b000 	C:\WINDOWS\System32\ws2_32.DLL
0x00007ffee8860000 - 0x00007ffee8872000 	C:\WINDOWS\SYSTEM32\kernel.appcore.dll
0x00007ffed8f60000 - 0x00007ffed8f71000 	C:\Program Files\Android\Android Studio1\jre\bin\verify.dll
0x00007ffed51f0000 - 0x00007ffed53d4000 	C:\WINDOWS\SYSTEM32\DBGHELP.DLL
0x00007ffed5b20000 - 0x00007ffed5b4c000 	C:\WINDOWS\SYSTEM32\dbgcore.DLL
0x00007ffeeab40000 - 0x00007ffeeabc0000 	C:\WINDOWS\System32\bcryptPrimitives.dll
0x00007ffed4100000 - 0x00007ffed4129000 	C:\Program Files\Android\Android Studio1\jre\bin\java.dll
0x00007ffed83a0000 - 0x00007ffed83ab000 	C:\Program Files\Android\Android Studio1\jre\bin\jimage.dll
0x00007ffed5fc0000 - 0x00007ffed5fd8000 	C:\Program Files\Android\Android Studio1\jre\bin\zip.dll
0x00007ffeec0c0000 - 0x00007ffeec802000 	C:\WINDOWS\System32\SHELL32.dll
0x00007ffee8a60000 - 0x00007ffee91f0000 	C:\WINDOWS\SYSTEM32\windows.storage.dll
0x00007ffeecbb0000 - 0x00007ffeecf05000 	C:\WINDOWS\System32\combase.dll
0x00007ffeea380000 - 0x00007ffeea3ac000 	C:\WINDOWS\SYSTEM32\Wldp.dll
0x00007ffeeb5f0000 - 0x00007ffeeb69e000 	C:\WINDOWS\System32\SHCORE.dll
0x00007ffeeb9c0000 - 0x00007ffeeba15000 	C:\WINDOWS\System32\shlwapi.dll
0x00007ffeea850000 - 0x00007ffeea86f000 	C:\WINDOWS\SYSTEM32\profapi.dll
0x00007ffecf410000 - 0x00007ffecf42a000 	C:\Program Files\Android\Android Studio1\jre\bin\net.dll
0x00007ffededd0000 - 0x00007ffedeedb000 	C:\WINDOWS\SYSTEM32\WINHTTP.dll
0x00007ffeea0f0000 - 0x00007ffeea15a000 	C:\WINDOWS\system32\mswsock.dll
0x00007ffecf3f0000 - 0x00007ffecf404000 	C:\Program Files\Android\Android Studio1\jre\bin\nio.dll
0x00007ffec7220000 - 0x00007ffec7247000 	C:\Users\iou10\.gradle\native\fdc75f09e3144964f2cf3f50f0aa648679c211496f362492102eb8c894070792\windows-amd64\native-platform.dll
0x00007ffe99000000 - 0x00007ffe99196000 	C:\Users\iou10\.gradle\native\12488b8bf47d2d4c9fbf2f6322a914ad602e24e48041cd04a747c6da556b65c4\windows-amd64\native-platform-file-events.dll
0x00007ffed5640000 - 0x00007ffed564a000 	C:\Program Files\Android\Android Studio1\jre\bin\management.dll
0x00007ffed4150000 - 0x00007ffed415c000 	C:\Program Files\Android\Android Studio1\jre\bin\management_ext.dll
0x00007ffeea2d0000 - 0x00007ffeea2e8000 	C:\WINDOWS\SYSTEM32\CRYPTSP.dll
0x00007ffee9a20000 - 0x00007ffee9a54000 	C:\WINDOWS\system32\rsaenh.dll
0x00007ffeea9b0000 - 0x00007ffeea9d7000 	C:\WINDOWS\System32\bcrypt.dll
0x00007ffeea810000 - 0x00007ffeea83e000 	C:\WINDOWS\SYSTEM32\USERENV.dll
0x00007ffeea2c0000 - 0x00007ffeea2cc000 	C:\WINDOWS\SYSTEM32\CRYPTBASE.dll
0x00007ffee9d90000 - 0x00007ffee9dcb000 	C:\WINDOWS\SYSTEM32\IPHLPAPI.DLL
0x00007ffeeb2f0000 - 0x00007ffeeb2f8000 	C:\WINDOWS\System32\NSI.dll
0x00007ffee3f60000 - 0x00007ffee3f77000 	C:\WINDOWS\SYSTEM32\dhcpcsvc6.DLL
0x00007ffee3f40000 - 0x00007ffee3f5d000 	C:\WINDOWS\SYSTEM32\dhcpcsvc.DLL
0x00007ffee9de0000 - 0x00007ffee9eac000 	C:\WINDOWS\SYSTEM32\DNSAPI.dll
0x00007ffee4230000 - 0x00007ffee423b000 	C:\WINDOWS\SYSTEM32\WINNSI.DLL

dbghelp: loaded successfully - version: 4.0.5 - missing functions: none
symbol engine: initialized successfully - sym options: 0x614 - pdb path: .;C:\Program Files\Android\Android Studio1\jre\bin;C:\WINDOWS\SYSTEM32;C:\WINDOWS\WinSxS\amd64_microsoft.windows.common-controls_6595b64144ccf1df_6.0.19041.844_none_ca00b6081b84eb1d;C:\Program Files\Android\Android Studio1\jre\bin\server;C:\Users\iou10\.gradle\native\fdc75f09e3144964f2cf3f50f0aa648679c211496f362492102eb8c894070792\windows-amd64;C:\Users\iou10\.gradle\native\12488b8bf47d2d4c9fbf2f6322a914ad602e24e48041cd04a747c6da556b65c4\windows-amd64

VM Arguments:
jvm_args: --add-opens=java.base/java.util=ALL-UNNAMED --add-opens=java.base/java.lang=ALL-UNNAMED --add-opens=java.base/java.lang.invoke=ALL-UNNAMED --add-opens=java.prefs/java.util.prefs=ALL-UNNAMED -Xmx2048m -Dfile.encoding=UTF-8 -Duser.country=KR -Duser.language=ko -Duser.variant 
java_command: org.gradle.launcher.daemon.bootstrap.GradleDaemon 6.7.1
java_class_path (initial): C:\Users\iou10\.gradle\wrapper\dists\gradle-6.7.1-bin\bwlcbys1h7rz3272sye1xwiv6\gradle-6.7.1\lib\gradle-launcher-6.7.1.jar
Launcher Type: SUN_STANDARD

[Global flags]
     intx CICompilerCount                          = 4                                         {product} {ergonomic}
     uint ConcGCThreads                            = 3                                         {product} {ergonomic}
     uint G1ConcRefinementThreads                  = 10                                        {product} {ergonomic}
   size_t G1HeapRegionSize                         = 1048576                                   {product} {ergonomic}
    uintx GCDrainStackTargetSize                   = 64                                        {product} {ergonomic}
   size_t InitialHeapSize                          = 132120576                                 {product} {ergonomic}
   size_t MarkStackSize                            = 4194304                                   {product} {ergonomic}
   size_t MaxHeapSize                              = 2147483648                                {product} {command line}
   size_t MaxNewSize                               = 1287651328                                {product} {ergonomic}
   size_t MinHeapDeltaBytes                        = 1048576                                   {product} {ergonomic}
    uintx NonNMethodCodeHeapSize                   = 5836300                                {pd product} {ergonomic}
    uintx NonProfiledCodeHeapSize                  = 122910970                              {pd product} {ergonomic}
    uintx ProfiledCodeHeapSize                     = 122910970                              {pd product} {ergonomic}
    uintx ReservedCodeCacheSize                    = 251658240                              {pd product} {ergonomic}
     bool SegmentedCodeCache                       = true                                      {product} {ergonomic}
     bool UseCompressedClassPointers               = true                                 {lp64_product} {ergonomic}
     bool UseCompressedOops                        = true                                 {lp64_product} {ergonomic}
     bool UseG1GC                                  = true                                      {product} {ergonomic}
     bool UseLargePagesIndividualAllocation        = false                                  {pd product} {ergonomic}

Logging:
Log output configuration:
 #0: stdout all=warning uptime,level,tags
 #1: stderr all=off uptime,level,tags

Environment Variables:
JAVA_HOME=C:\Program Files\Java\jdk-16.0.1
PATH=C:\Program Files (x86)\Common Files\Oracle\Java\javapath;C:\Program Files (x86)\VMware\VMware Workstation\bin\;C:\WINDOWS\system32;C:\WINDOWS;C:\WINDOWS\System32\Wbem;C:\WINDOWS\System32\WindowsPowerShell\v1.0\;C:\WINDOWS\System32\OpenSSH\;C:\Program Files\Git\cmd;C:\Program Files\nodejs\;%JAVA_HOME%\bin\bin\bin;C:\Users\iou10\AppData\Local\Microsoft\WindowsApps;C:\Users\iou10\AppData\Local\Programs\Microsoft VS Code\bin;C:\Users\iou10\AppData\Local\GitHubDesktop\bin;C:\Users\iou10\AppData\Roaming\npm;
USERNAME=iou10
OS=Windows_NT
PROCESSOR_IDENTIFIER=Intel64 Family 6 Model 158 Stepping 10, GenuineIntel



---------------  S Y S T E M  ---------------

OS: Windows 10 , 64 bit Build 19041 (10.0.19041.928)
OS uptime: 2 days 5:28 hours

CPU:total 12 (initial active 12) (6 cores per cpu, 2 threads per core) family 6 model 158 stepping 10, cmov, cx8, fxsr, mmx, sse, sse2, sse3, ssse3, sse4.1, sse4.2, popcnt, avx, avx2, aes, clmul, erms, 3dnowpref, lzcnt, ht, tsc, tscinvbit, bmi1, bmi2, adx, fma

Memory: 4k page, system-wide physical 8030M (18M free)
TotalPageFile size 32606M (AvailPageFile size 24M)
current process WorkingSet (physical memory assigned to process): 349M, peak: 359M
current process commit charge ("private bytes"): 405M, peak: 410M

vm_info: OpenJDK 64-Bit Server VM (11.0.8+10-b944.6842174) for windows-amd64 JRE (11.0.8+10-b944.6842174), built on Sep 19 2020 01:11:42 by "builder" with MS VC++ 14.0 (VS2015)

END.
